mode: set
github.com/dave-malone/trec/user/types.go:34.35,36.2 1 0
github.com/dave-malone/trec/user/types.go:38.63,41.30 2 1
github.com/dave-malone/trec/user/types.go:45.2,45.29 1 1
github.com/dave-malone/trec/user/types.go:49.2,49.26 1 1
github.com/dave-malone/trec/user/types.go:53.2,53.15 1 1
github.com/dave-malone/trec/user/types.go:41.30,43.3 1 1
github.com/dave-malone/trec/user/types.go:45.29,47.3 1 1
github.com/dave-malone/trec/user/types.go:49.26,51.3 1 1
github.com/dave-malone/trec/user/types.go:56.79,63.2 1 1
github.com/dave-malone/trec/user/events.go:5.42,17.2 1 1
github.com/dave-malone/trec/user/handlers.go:17.69,20.24 2 1
github.com/dave-malone/trec/user/handlers.go:28.2,32.16 4 1
github.com/dave-malone/trec/user/handlers.go:40.2,45.8 2 1
github.com/dave-malone/trec/user/handlers.go:20.24,26.3 2 0
github.com/dave-malone/trec/user/handlers.go:32.16,36.3 3 0
github.com/dave-malone/trec/user/handlers.go:36.3,38.3 1 1
github.com/dave-malone/trec/user/handlers.go:48.56,58.2 4 1
github.com/dave-malone/trec/user/handlers.go:60.78,69.16 6 1
github.com/dave-malone/trec/user/handlers.go:75.2,80.8 2 1
github.com/dave-malone/trec/user/handlers.go:69.16,73.3 3 0
github.com/dave-malone/trec/user/inmemoryuserrepository.go:12.41,16.2 3 0
github.com/dave-malone/trec/user/inmemoryuserrepository.go:18.59,21.2 2 0
github.com/dave-malone/trec/user/inmemoryuserrepository.go:22.58,24.2 1 0
github.com/dave-malone/trec/user/inmemoryuserrepository.go:25.74,28.36 2 0
github.com/dave-malone/trec/user/inmemoryuserrepository.go:34.2,34.12 1 0
github.com/dave-malone/trec/user/inmemoryuserrepository.go:37.2,37.18 1 0
github.com/dave-malone/trec/user/inmemoryuserrepository.go:28.36,29.85 1 0
github.com/dave-malone/trec/user/inmemoryuserrepository.go:29.85,32.4 2 0
github.com/dave-malone/trec/user/inmemoryuserrepository.go:34.12,36.3 1 0
github.com/dave-malone/trec/user/mysqluserrepository.go:15.73,16.27 1 0
github.com/dave-malone/trec/user/mysqluserrepository.go:16.27,18.3 1 0
github.com/dave-malone/trec/user/mysqluserrepository.go:21.56,23.16 2 0
github.com/dave-malone/trec/user/mysqluserrepository.go:27.2,28.16 2 0
github.com/dave-malone/trec/user/mysqluserrepository.go:32.2,32.12 1 0
github.com/dave-malone/trec/user/mysqluserrepository.go:23.16,25.3 1 0
github.com/dave-malone/trec/user/mysqluserrepository.go:28.16,30.3 1 0
github.com/dave-malone/trec/user/mysqluserrepository.go:34.55,39.16 3 0
github.com/dave-malone/trec/user/mysqluserrepository.go:43.2,45.18 2 0
github.com/dave-malone/trec/user/mysqluserrepository.go:59.2,59.35 1 0
github.com/dave-malone/trec/user/mysqluserrepository.go:63.2,63.14 1 0
github.com/dave-malone/trec/user/mysqluserrepository.go:39.16,41.3 1 0
github.com/dave-malone/trec/user/mysqluserrepository.go:45.18,51.71 2 0
github.com/dave-malone/trec/user/mysqluserrepository.go:55.3,56.31 2 0
github.com/dave-malone/trec/user/mysqluserrepository.go:51.71,53.4 1 0
github.com/dave-malone/trec/user/mysqluserrepository.go:59.35,61.3 1 0
github.com/dave-malone/trec/user/mysqluserrepository.go:65.75,71.160 2 0
github.com/dave-malone/trec/user/mysqluserrepository.go:71.160,75.3 2 0
github.com/dave-malone/trec/user/mysqluserrepository.go:75.3,77.3 1 0
